<?xml version="1.0" encoding="UTF-8"?>
<Site BuildName="(empty)"
	BuildStamp="20230905-0403-Experimental"
	Name="pandacom-MS-7C82"
	Generator="ctest-3.27.0-rc4"
	CompilerName="/bin/x86_64-linux-gnu-g++-9"
	CompilerVersion="9.4.0"
	OSName="Linux"
	Hostname="pandacom-MS-7C82"
	OSRelease="5.9.1-rt20"
	OSVersion="#1 SMP PREEMPT_RT Tue Oct 5 19:50:37 KST 2021"
	OSPlatform="x86_64"
	Is64Bits="1"
	VendorString="GenuineIntel"
	VendorID="Intel Corporation"
	FamilyID="6"
	ModelID="165"
	ProcessorCacheSize="16384"
	NumberOfLogicalCPU="16"
	NumberOfPhysicalCPU="8"
	TotalVirtualMemory="2047"
	TotalPhysicalMemory="31979"
	LogicalProcessorsPerPhysical="2"
	ProcessorClockFrequency="4600.03"
	>
	<Testing>
		<StartDateTime>Sep 05 13:04 KST</StartDateTime>
		<StartTestTime>1693886653</StartTestTime>
		<TestList/>
		<EndDateTime>Sep 05 13:04 KST</EndDateTime>
		<EndTestTime>1693886653</EndTestTime>
		<ElapsedMinutes>0</ElapsedMinutes>
	</Testing>
</Site>
